<?xml version="1.0" encoding="UTF-8"?>
<testsuite xmlns:xsi="http://www.w3.org/2001/XMLSchema-instance" xsi:noNamespaceSchemaLocation="https://maven.apache.org/surefire/maven-surefire-plugin/xsd/surefire-test-report-3.0.xsd" version="3.0" name="DemoTest" time="0.047" tests="1" errors="0" skipped="0" failures="0">
  <properties>
    <property name="sun.desktop" value="windows"/>
    <property name="awt.toolkit" value="sun.awt.windows.WToolkit"/>
    <property name="file.encoding.pkg" value="sun.io"/>
    <property name="java.specification.version" value="1.8"/>
    <property name="sun.cpu.isalist" value="amd64"/>
    <property name="sun.jnu.encoding" value="GBK"/>
    <property name="java.class.path" value="C:\Users\qyk\Projects\IdeaProjects\Java_Maven\target\test-classes;C:\Users\qyk\Projects\IdeaProjects\Java_Maven\target\classes;C:\Users\qyk\Projects\IdeaProjects\libs\repository\junit\junit\4.13.2\junit-4.13.2.jar;C:\Users\qyk\Projects\IdeaProjects\libs\repository\org\hamcrest\hamcrest-core\1.3\hamcrest-core-1.3.jar;"/>
    <property name="java.vm.vendor" value="Amazon.com Inc."/>
    <property name="sun.arch.data.model" value="64"/>
    <property name="user.variant" value=""/>
    <property name="java.vendor.url" value="https://aws.amazon.com/corretto/"/>
    <property name="user.timezone" value="Asia/Shanghai"/>
    <property name="java.vm.specification.version" value="1.8"/>
    <property name="os.name" value="Windows 10"/>
    <property name="user.country" value="CN"/>
    <property name="sun.java.launcher" value="SUN_STANDARD"/>
    <property name="sun.boot.library.path" value="C:\Users\qyk\.jdks\corretto-1.8.0_372\jre\bin"/>
    <property name="sun.java.command" value="C:\Users\qyk\AppData\Local\Temp\surefire5429124885674548818\surefirebooter-20230910171651296_3.jar C:\Users\qyk\AppData\Local\Temp\surefire5429124885674548818 2023-09-10T17-16-50_848-jvmRun1 surefire-20230910171651296_1tmp surefire_0-20230910171651296_2tmp"/>
    <property name="surefire.test.class.path" value="C:\Users\qyk\Projects\IdeaProjects\Java_Maven\target\test-classes;C:\Users\qyk\Projects\IdeaProjects\Java_Maven\target\classes;C:\Users\qyk\Projects\IdeaProjects\libs\repository\junit\junit\4.13.2\junit-4.13.2.jar;C:\Users\qyk\Projects\IdeaProjects\libs\repository\org\hamcrest\hamcrest-core\1.3\hamcrest-core-1.3.jar;"/>
    <property name="sun.cpu.endian" value="little"/>
    <property name="user.home" value="C:\Users\qyk"/>
    <property name="user.language" value="zh"/>
    <property name="java.specification.vendor" value="Oracle Corporation"/>
    <property name="java.home" value="C:\Users\qyk\.jdks\corretto-1.8.0_372\jre"/>
    <property name="basedir" value="C:\Users\qyk\Projects\IdeaProjects\Java_Maven"/>
    <property name="file.separator" value="\"/>
    <property name="line.separator" value="&#10;"/>
    <property name="java.vm.specification.vendor" value="Oracle Corporation"/>
    <property name="java.specification.name" value="Java Platform API Specification"/>
    <property name="java.awt.graphicsenv" value="sun.awt.Win32GraphicsEnvironment"/>
    <property name="surefire.real.class.path" value="C:\Users\qyk\AppData\Local\Temp\surefire5429124885674548818\surefirebooter-20230910171651296_3.jar"/>
    <property name="sun.boot.class.path" value="C:\Users\qyk\.jdks\corretto-1.8.0_372\jre\lib\resources.jar;C:\Users\qyk\.jdks\corretto-1.8.0_372\jre\lib\rt.jar;C:\Users\qyk\.jdks\corretto-1.8.0_372\jre\lib\sunrsasign.jar;C:\Users\qyk\.jdks\corretto-1.8.0_372\jre\lib\jsse.jar;C:\Users\qyk\.jdks\corretto-1.8.0_372\jre\lib\jce.jar;C:\Users\qyk\.jdks\corretto-1.8.0_372\jre\lib\charsets.jar;C:\Users\qyk\.jdks\corretto-1.8.0_372\jre\lib\jfr.jar;C:\Users\qyk\.jdks\corretto-1.8.0_372\jre\classes"/>
    <property name="user.script" value=""/>
    <property name="sun.management.compiler" value="HotSpot 64-Bit Tiered Compilers"/>
    <property name="java.runtime.version" value="1.8.0_372-b07"/>
    <property name="user.name" value="qyk"/>
    <property name="path.separator" value=";"/>
    <property name="os.version" value="10.0"/>
    <property name="java.endorsed.dirs" value="C:\Users\qyk\.jdks\corretto-1.8.0_372\jre\lib\endorsed"/>
    <property name="java.runtime.name" value="OpenJDK Runtime Environment"/>
    <property name="file.encoding" value="GBK"/>
    <property name="java.vm.name" value="OpenJDK 64-Bit Server VM"/>
    <property name="localRepository" value="C:\Users\qyk\Projects\IdeaProjects\libs\repository"/>
    <property name="java.vendor.url.bug" value="https://github.com/corretto/corretto-8/issues/"/>
    <property name="java.io.tmpdir" value="C:\Users\qyk\AppData\Local\Temp\"/>
    <property name="idea.version" value="2023.2"/>
    <property name="java.version" value="1.8.0_372"/>
    <property name="user.dir" value="C:\Users\qyk\Projects\IdeaProjects\Java_Maven"/>
    <property name="os.arch" value="amd64"/>
    <property name="java.vm.specification.name" value="Java Virtual Machine Specification"/>
    <property name="java.awt.printerjob" value="sun.awt.windows.WPrinterJob"/>
    <property name="sun.os.patch.level" value=""/>
    <property name="java.library.path" value="C:\Users\qyk\.jdks\corretto-1.8.0_372\jre\bin;C:\Windows\Sun\Java\bin;C:\Windows\system32;C:\Windows;C:\Program Files (x86)\VMware\VMware Workstation\bin\;C:\Windows\system32;C:\Windows;C:\Windows\System32\Wbem;C:\Windows\System32\WindowsPowerShell\v1.0\;C:\Windows\System32\OpenSSH\;C:\Program Files\NVIDIA Corporation\NVIDIA NvDLISR;C:\Program Files (x86)\NVIDIA Corporation\PhysX\Common;C:\MyBin;D:\MATLAB2016a\runtime\win64;D:\MATLAB2016a\bin;D:\MATLAB2016a\polyspace\bin;C:\Program Files\MySQL\MySQL Server 5.5\bin;C:\Program Files\Pandoc\;C:\Users\qyk\Projects\IdeaProjects\libs\api\apache-maven-3.9.4\bin;C:\Users\qyk\AppData\Local\Programs\Python\Python39\Scripts\;C:\Users\qyk\AppData\Local\Programs\Python\Python39\;C:\Users\qyk\AppData\Local\Microsoft\WindowsApps;;D:\Program Files\JetBrains\PyCharm Community Edition 2021.2.2\bin;;D:\Microsoft VS Code\bin;C:\Program Files\JetBrains\IntelliJ IDEA 2021.3.2\bin;;C:\Program Files\JetBrains\CLion 2022.3\bin;;C:\Program Files\JetBrains\DataGrip 2022.3\bin;;."/>
    <property name="java.vm.info" value="mixed mode"/>
    <property name="java.vendor" value="Amazon.com Inc."/>
    <property name="java.vm.version" value="25.372-b07"/>
    <property name="java.specification.maintenance.version" value="4"/>
    <property name="java.ext.dirs" value="C:\Users\qyk\.jdks\corretto-1.8.0_372\jre\lib\ext;C:\Windows\Sun\Java\lib\ext"/>
    <property name="sun.io.unicode.encoding" value="UnicodeLittle"/>
    <property name="java.class.version" value="52.0"/>
  </properties>
  <testcase name="testHello" classname="DemoTest" time="0.006">
    <system-out><![CDATA[Helloxiaosi
]]></system-out>
  </testcase>
</testsuite>